-------------------------------------------------------------------------------
Test set: cz.cvut.fel.ear.stepavi2_havriboh.rest.ReportControllerTest
-------------------------------------------------------------------------------
Tests run: 8, Failures: 6, Errors: 0, Skipped: 0, Time elapsed: 0.342 s <<< FAILURE! -- in cz.cvut.fel.ear.stepavi2_havriboh.rest.ReportControllerTest
cz.cvut.fel.ear.stepavi2_havriboh.rest.ReportControllerTest.deleteReport_shouldReturn200OnSuccess -- Time elapsed: 0.110 s <<< FAILURE!
java.lang.AssertionError: Status expected:<200> but was:<500>
	at org.springframework.test.util.AssertionErrors.fail(AssertionErrors.java:59)
	at org.springframework.test.util.AssertionErrors.assertEquals(AssertionErrors.java:122)
	at org.springframework.test.web.servlet.result.StatusResultMatchers.lambda$matcher$9(StatusResultMatchers.java:637)
	at org.springframework.test.web.servlet.MockMvc$1.andExpect(MockMvc.java:214)
	at cz.cvut.fel.ear.stepavi2_havriboh.rest.ReportControllerTest.deleteReport_shouldReturn200OnSuccess(ReportControllerTest.java:106)
	at java.base/java.lang.reflect.Method.invoke(Method.java:568)
	at java.base/java.util.ArrayList.forEach(ArrayList.java:1511)
	at java.base/java.util.ArrayList.forEach(ArrayList.java:1511)

cz.cvut.fel.ear.stepavi2_havriboh.rest.ReportControllerTest.createReport_shouldReturn201OnSuccess -- Time elapsed: 0.030 s <<< FAILURE!
java.lang.AssertionError: Status expected:<201> but was:<400>
	at org.springframework.test.util.AssertionErrors.fail(AssertionErrors.java:59)
	at org.springframework.test.util.AssertionErrors.assertEquals(AssertionErrors.java:122)
	at org.springframework.test.web.servlet.result.StatusResultMatchers.lambda$matcher$9(StatusResultMatchers.java:637)
	at org.springframework.test.web.servlet.MockMvc$1.andExpect(MockMvc.java:214)
	at cz.cvut.fel.ear.stepavi2_havriboh.rest.ReportControllerTest.createReport_shouldReturn201OnSuccess(ReportControllerTest.java:37)
	at java.base/java.lang.reflect.Method.invoke(Method.java:568)
	at java.base/java.util.ArrayList.forEach(ArrayList.java:1511)
	at java.base/java.util.ArrayList.forEach(ArrayList.java:1511)

cz.cvut.fel.ear.stepavi2_havriboh.rest.ReportControllerTest.createReport_shouldReturnBadRequestInvalidDate -- Time elapsed: 0.025 s <<< FAILURE!
java.lang.AssertionError: Response content expected:<"From date must be before to date"> but was:<>
	at org.springframework.test.util.AssertionErrors.fail(AssertionErrors.java:59)
	at org.springframework.test.util.AssertionErrors.assertEquals(AssertionErrors.java:122)
	at org.springframework.test.web.servlet.result.ContentResultMatchers.lambda$string$4(ContentResultMatchers.java:148)
	at org.springframework.test.web.servlet.MockMvc$1.andExpect(MockMvc.java:214)
	at cz.cvut.fel.ear.stepavi2_havriboh.rest.ReportControllerTest.createReport_shouldReturnBadRequestInvalidDate(ReportControllerTest.java:53)
	at java.base/java.lang.reflect.Method.invoke(Method.java:568)
	at java.base/java.util.ArrayList.forEach(ArrayList.java:1511)
	at java.base/java.util.ArrayList.forEach(ArrayList.java:1511)

cz.cvut.fel.ear.stepavi2_havriboh.rest.ReportControllerTest.updateReportDateById_shouldReturnBadRequestInvalidDate -- Time elapsed: 0.027 s <<< FAILURE!
java.lang.AssertionError: Status expected:<400> but was:<500>
	at org.springframework.test.util.AssertionErrors.fail(AssertionErrors.java:59)
	at org.springframework.test.util.AssertionErrors.assertEquals(AssertionErrors.java:122)
	at org.springframework.test.web.servlet.result.StatusResultMatchers.lambda$matcher$9(StatusResultMatchers.java:637)
	at org.springframework.test.web.servlet.MockMvc$1.andExpect(MockMvc.java:214)
	at cz.cvut.fel.ear.stepavi2_havriboh.rest.ReportControllerTest.updateReportDateById_shouldReturnBadRequestInvalidDate(ReportControllerTest.java:99)
	at java.base/java.lang.reflect.Method.invoke(Method.java:568)
	at java.base/java.util.ArrayList.forEach(ArrayList.java:1511)
	at java.base/java.util.ArrayList.forEach(ArrayList.java:1511)

cz.cvut.fel.ear.stepavi2_havriboh.rest.ReportControllerTest.updateReportDateById_shouldReturn200OnSuccess -- Time elapsed: 0.018 s <<< FAILURE!
java.lang.AssertionError: Status expected:<200> but was:<500>
	at org.springframework.test.util.AssertionErrors.fail(AssertionErrors.java:59)
	at org.springframework.test.util.AssertionErrors.assertEquals(AssertionErrors.java:122)
	at org.springframework.test.web.servlet.result.StatusResultMatchers.lambda$matcher$9(StatusResultMatchers.java:637)
	at org.springframework.test.web.servlet.MockMvc$1.andExpect(MockMvc.java:214)
	at cz.cvut.fel.ear.stepavi2_havriboh.rest.ReportControllerTest.updateReportDateById_shouldReturn200OnSuccess(ReportControllerTest.java:85)
	at java.base/java.lang.reflect.Method.invoke(Method.java:568)
	at java.base/java.util.ArrayList.forEach(ArrayList.java:1511)
	at java.base/java.util.ArrayList.forEach(ArrayList.java:1511)

cz.cvut.fel.ear.stepavi2_havriboh.rest.ReportControllerTest.deleteReport_shouldReturn404WhenNotFound -- Time elapsed: 0.021 s <<< FAILURE!
java.lang.AssertionError: Status expected:<404> but was:<500>
	at org.springframework.test.util.AssertionErrors.fail(AssertionErrors.java:59)
	at org.springframework.test.util.AssertionErrors.assertEquals(AssertionErrors.java:122)
	at org.springframework.test.web.servlet.result.StatusResultMatchers.lambda$matcher$9(StatusResultMatchers.java:637)
	at org.springframework.test.web.servlet.MockMvc$1.andExpect(MockMvc.java:214)
	at cz.cvut.fel.ear.stepavi2_havriboh.rest.ReportControllerTest.deleteReport_shouldReturn404WhenNotFound(ReportControllerTest.java:118)
	at java.base/java.lang.reflect.Method.invoke(Method.java:568)
	at java.base/java.util.ArrayList.forEach(ArrayList.java:1511)
	at java.base/java.util.ArrayList.forEach(ArrayList.java:1511)

