<?xml version="1.0" encoding="UTF-8"?>
<testsuite xmlns:xsi="http://www.w3.org/2001/XMLSchema-instance" xsi:noNamespaceSchemaLocation="https://maven.apache.org/surefire/maven-surefire-plugin/xsd/surefire-test-report-3.0.xsd" version="3.0" name="cz.cvut.sem.ear.stepavi2.havriboh.main.service.CategoryServiceTest" time="0.81" tests="10" errors="0" skipped="0" failures="0">
  <properties>
[...]
</properties>
  <testcase name="updateCategoryByIdThrowsCategoryNotFoundException" classname="cz.cvut.sem.ear.stepavi2.havriboh.main.service.CategoryServiceTest" time="0.015">
    <system-out><![CDATA[2024-12-03T15:09:09.888+01:00  INFO 16484 --- [Semestralka] [           main] t.c.s.AnnotationConfigContextLoaderUtils : Could not detect default configuration classes for test class [cz.cvut.sem.ear.stepavi2.havriboh.main.service.CategoryServiceTest]: CategoryServiceTest does not declare any static, non-private, non-final, nested classes annotated with @Configuration.
2024-12-03T15:09:09.891+01:00  INFO 16484 --- [Semestralka] [           main] .b.t.c.SpringBootTestContextBootstrapper : Found @SpringBootConfiguration cz.cvut.sem.ear.stepavi2.havriboh.main.Application for test class cz.cvut.sem.ear.stepavi2.havriboh.main.service.CategoryServiceTest

  .   ____          _            __ _ _
 /\\ / ___'_ __ _ _(_)_ __  __ _ \ \ \ \
( ( )\___ | '_ | '_| | '_ \/ _` | \ \ \ \
 \\/  ___)| |_)| | | | | || (_| |  ) ) ) )
  '  |____| .__|_| |_|_| |_\__, | / / / /
 =========|_|==============|___/=/_/_/_/

 :: Spring Boot ::                (v3.3.4)

2024-12-03T15:09:09.918+01:00  INFO 16484 --- [Semestralka] [           main] c.c.s.e.s.h.m.s.CategoryServiceTest      : Starting CategoryServiceTest using Java 17.0.12 with PID 16484 (started by pozit in D:\Study\semestr_3\EAR\semestralnipraceear)
2024-12-03T15:09:09.918+01:00  INFO 16484 --- [Semestralka] [           main] c.c.s.e.s.h.m.s.CategoryServiceTest      : The following 1 profile is active: "test"
2024-12-03T15:09:10.083+01:00  INFO 16484 --- [Semestralka] [           main] .s.d.r.c.RepositoryConfigurationDelegate : Bootstrapping Spring Data JPA repositories in DEFAULT mode.
2024-12-03T15:09:10.093+01:00  INFO 16484 --- [Semestralka] [           main] .s.d.r.c.RepositoryConfigurationDelegate : Finished Spring Data repository scanning in 9 ms. Found 0 JPA repository interfaces.
2024-12-03T15:09:10.181+01:00  INFO 16484 --- [Semestralka] [           main] o.hibernate.jpa.internal.util.LogHelper  : HHH000204: Processing PersistenceUnitInfo [name: default]
2024-12-03T15:09:10.185+01:00  INFO 16484 --- [Semestralka] [           main] o.h.c.internal.RegionFactoryInitiator    : HHH000026: Second-level cache disabled
2024-12-03T15:09:10.194+01:00  INFO 16484 --- [Semestralka] [           main] o.s.o.j.p.SpringPersistenceUnitInfo      : No LoadTimeWeaver setup: ignoring JPA class transformer
2024-12-03T15:09:10.196+01:00  INFO 16484 --- [Semestralka] [           main] com.zaxxer.hikari.HikariDataSource       : HikariPool-3 - Starting...
2024-12-03T15:09:10.197+01:00  INFO 16484 --- [Semestralka] [           main] com.zaxxer.hikari.pool.HikariPool        : HikariPool-3 - Added connection conn20: url=jdbc:h2:mem:test user=SA
2024-12-03T15:09:10.197+01:00  INFO 16484 --- [Semestralka] [           main] com.zaxxer.hikari.HikariDataSource       : HikariPool-3 - Start completed.
2024-12-03T15:09:10.198+01:00  WARN 16484 --- [Semestralka] [           main] org.hibernate.orm.deprecation            : HHH90000025: H2Dialect does not need to be specified explicitly using 'hibernate.dialect' (remove the property setting and it will be selected by default)
2024-12-03T15:09:10.310+01:00  INFO 16484 --- [Semestralka] [           main] o.h.e.t.j.p.i.JtaPlatformInitiator       : HHH000489: No JTA platform available (set 'hibernate.transaction.jta.platform' to enable JTA platform integration)
2024-12-03T15:09:10.324+01:00  INFO 16484 --- [Semestralka] [           main] j.LocalContainerEntityManagerFactoryBean : Initialized JPA EntityManagerFactory for persistence unit 'default'
2024-12-03T15:09:10.369+01:00  INFO 16484 --- [Semestralka] [           main] c.c.s.e.s.h.m.service.SystemInitializer  : Generated premium user with credentials secret_premium_user/premium
2024-12-03T15:09:10.474+01:00  WARN 16484 --- [Semestralka] [           main] JpaBaseConfiguration$JpaWebConfiguration : spring.jpa.open-in-view is enabled by default. Therefore, database queries may be performed during view rendering. Explicitly configure spring.jpa.open-in-view to disable this warning
2024-12-03T15:09:10.569+01:00  INFO 16484 --- [Semestralka] [           main] r$InitializeUserDetailsManagerConfigurer : Global AuthenticationManager configured with UserDetailsService bean with name userDetailsService
2024-12-03T15:09:10.609+01:00  INFO 16484 --- [Semestralka] [           main] c.c.s.e.s.h.m.s.CategoryServiceTest      : Started CategoryServiceTest in 0.715 seconds (process running for 10.371)
]]></system-out>
  </testcase>
  <testcase name="createCategoryThrowsEmptyNameException" classname="cz.cvut.sem.ear.stepavi2.havriboh.main.service.CategoryServiceTest" time="0.004"/>
  <testcase name="getCategoryByIdReturnsCategoryIfCategoryExists" classname="cz.cvut.sem.ear.stepavi2.havriboh.main.service.CategoryServiceTest" time="0.005"/>
  <testcase name="updateCategoryByIdUpdatesCategory" classname="cz.cvut.sem.ear.stepavi2.havriboh.main.service.CategoryServiceTest" time="0.019"/>
  <testcase name="createCategoryThrowsNegativeCategoryLimitException" classname="cz.cvut.sem.ear.stepavi2.havriboh.main.service.CategoryServiceTest" time="0.003"/>
  <testcase name="createCategoryCreatesCategoryIfDataIsValid" classname="cz.cvut.sem.ear.stepavi2.havriboh.main.service.CategoryServiceTest" time="0.005"/>
  <testcase name="createCategoryThrowsEmptyDescriptionException" classname="cz.cvut.sem.ear.stepavi2.havriboh.main.service.CategoryServiceTest" time="0.003"/>
  <testcase name="deleteCategoryByIdDeletesCategory" classname="cz.cvut.sem.ear.stepavi2.havriboh.main.service.CategoryServiceTest" time="0.005"/>
  <testcase name="getCategoryByIdThrowsCategoryNotFoundException" classname="cz.cvut.sem.ear.stepavi2.havriboh.main.service.CategoryServiceTest" time="0.006"/>
  <testcase name="deleteCategoryByIdThrowsExceptionWhenCategoryHasTransactions" classname="cz.cvut.sem.ear.stepavi2.havriboh.main.service.CategoryServiceTest" time="0.01"/>
</testsuite>