<?xml version="1.0" encoding="UTF-8"?>
<testsuite xmlns:xsi="http://www.w3.org/2001/XMLSchema-instance" xsi:noNamespaceSchemaLocation="https://maven.apache.org/surefire/maven-surefire-plugin/xsd/surefire-test-report-3.0.xsd" version="3.0" name="cz.cvut.fel.ear.stepavi2_havriboh.rest.CategoryControllerTest" time="0.39" tests="7" errors="0" skipped="0" failures="0">
  <properties>
[...]
</properties>
  <testcase name="deleteCategory_shouldDeleteAndReturn200" classname="cz.cvut.fel.ear.stepavi2_havriboh.rest.CategoryControllerTest" time="0.154">
    <system-out><![CDATA[03:36:05.846 [main] INFO org.springframework.mock.web.MockServletContext -- Initializing Spring TestDispatcherServlet ''
03:36:05.847 [main] INFO org.springframework.test.web.servlet.TestDispatcherServlet -- Initializing Servlet ''
03:36:05.847 [main] INFO org.springframework.test.web.servlet.TestDispatcherServlet -- Completed initialization in 0 ms
03:36:05.855 [main] INFO cz.cvut.fel.ear.stepavi2_havriboh.main.rest.CategoryController -- Deleted category with id: 1
]]></system-out>
  </testcase>
  <testcase name="getCategoryById_shouldReturnCategory" classname="cz.cvut.fel.ear.stepavi2_havriboh.rest.CategoryControllerTest" time="0.01">
    <system-out><![CDATA[03:36:05.923 [main] INFO org.springframework.mock.web.MockServletContext -- Initializing Spring TestDispatcherServlet ''
03:36:05.924 [main] INFO org.springframework.test.web.servlet.TestDispatcherServlet -- Initializing Servlet ''
03:36:05.924 [main] INFO org.springframework.test.web.servlet.TestDispatcherServlet -- Completed initialization in 0 ms
]]></system-out>
  </testcase>
  <testcase name="deleteCategory_shouldReturn404WhenNotFound" classname="cz.cvut.fel.ear.stepavi2_havriboh.rest.CategoryControllerTest" time="0.007">
    <system-out><![CDATA[03:36:05.930 [main] INFO org.springframework.mock.web.MockServletContext -- Initializing Spring TestDispatcherServlet ''
03:36:05.930 [main] INFO org.springframework.test.web.servlet.TestDispatcherServlet -- Initializing Servlet ''
03:36:05.930 [main] INFO org.springframework.test.web.servlet.TestDispatcherServlet -- Completed initialization in 0 ms
03:36:05.932 [main] ERROR cz.cvut.fel.ear.stepavi2_havriboh.main.rest.CategoryController -- Category not found with id: 1
]]></system-out>
  </testcase>
  <testcase name="updateCategory_shouldUpdateAndReturn200" classname="cz.cvut.fel.ear.stepavi2_havriboh.rest.CategoryControllerTest" time="0.152">
    <system-out><![CDATA[03:36:05.941 [main] INFO org.springframework.mock.web.MockServletContext -- Initializing Spring TestDispatcherServlet ''
03:36:05.942 [main] INFO org.springframework.test.web.servlet.TestDispatcherServlet -- Initializing Servlet ''
03:36:05.942 [main] INFO org.springframework.test.web.servlet.TestDispatcherServlet -- Completed initialization in 0 ms
03:36:06.082 [main] INFO cz.cvut.fel.ear.stepavi2_havriboh.main.rest.CategoryController -- Updated category with id: 1
]]></system-out>
  </testcase>
  <testcase name="getAllCategories_shouldReturnCategories" classname="cz.cvut.fel.ear.stepavi2_havriboh.rest.CategoryControllerTest" time="0.011">
    <system-out><![CDATA[03:36:06.097 [main] INFO org.springframework.mock.web.MockServletContext -- Initializing Spring TestDispatcherServlet ''
03:36:06.097 [main] INFO org.springframework.test.web.servlet.TestDispatcherServlet -- Initializing Servlet ''
03:36:06.097 [main] INFO org.springframework.test.web.servlet.TestDispatcherServlet -- Completed initialization in 0 ms
]]></system-out>
  </testcase>
  <testcase name="getCategoryById_shouldReturn404WhenNotFound" classname="cz.cvut.fel.ear.stepavi2_havriboh.rest.CategoryControllerTest" time="0.022">
    <system-out><![CDATA[03:36:06.108 [main] INFO org.springframework.mock.web.MockServletContext -- Initializing Spring TestDispatcherServlet ''
03:36:06.108 [main] INFO org.springframework.test.web.servlet.TestDispatcherServlet -- Initializing Servlet ''
03:36:06.109 [main] INFO org.springframework.test.web.servlet.TestDispatcherServlet -- Completed initialization in 1 ms
03:36:06.117 [main] ERROR cz.cvut.fel.ear.stepavi2_havriboh.main.rest.CategoryController -- Category not found with id: 1
]]></system-out>
  </testcase>
  <testcase name="createCategory_shouldCreateAndReturn201" classname="cz.cvut.fel.ear.stepavi2_havriboh.rest.CategoryControllerTest" time="0.019">
    <system-out><![CDATA[03:36:06.140 [main] INFO org.springframework.mock.web.MockServletContext -- Initializing Spring TestDispatcherServlet ''
03:36:06.141 [main] INFO org.springframework.test.web.servlet.TestDispatcherServlet -- Initializing Servlet ''
03:36:06.141 [main] INFO org.springframework.test.web.servlet.TestDispatcherServlet -- Completed initialization in 0 ms
03:36:06.143 [main] INFO cz.cvut.fel.ear.stepavi2_havriboh.main.rest.CategoryController -- Created category: Category1
]]></system-out>
  </testcase>
</testsuite>