<?xml version="1.0" encoding="UTF-8"?>
<testsuite xmlns:xsi="http://www.w3.org/2001/XMLSchema-instance" xsi:noNamespaceSchemaLocation="https://maven.apache.org/surefire/maven-surefire-plugin/xsd/surefire-test-report-3.0.xsd" version="3.0" name="cz.cvut.fel.ear.stepavi2_havriboh.rest.UserControllerTest" time="0.427" tests="13" errors="5" skipped="0" failures="4">
  <properties>
[...]
</properties>
  <testcase name="testDeleteUser_Success" classname="cz.cvut.fel.ear.stepavi2_havriboh.rest.UserControllerTest" time="0.104">
    <system-out><![CDATA[03:36:06.960 [main] INFO org.springframework.mock.web.MockServletContext -- Initializing Spring TestDispatcherServlet ''
03:36:06.960 [main] INFO org.springframework.test.web.servlet.TestDispatcherServlet -- Initializing Servlet ''
03:36:06.960 [main] INFO org.springframework.test.web.servlet.TestDispatcherServlet -- Completed initialization in 0 ms
03:36:06.968 [main] INFO cz.cvut.fel.ear.stepavi2_havriboh.main.rest.UserController -- Deleting user with ID: 1
]]></system-out>
  </testcase>
  <testcase name="testUpdateUser_Success" classname="cz.cvut.fel.ear.stepavi2_havriboh.rest.UserControllerTest" time="0.044">
    <failure message="Status expected:&lt;200&gt; but was:&lt;400&gt;" type="java.lang.AssertionError"><![CDATA[java.lang.AssertionError: Status expected:<200> but was:<400>
	at org.springframework.test.util.AssertionErrors.fail(AssertionErrors.java:59)
	at org.springframework.test.util.AssertionErrors.assertEquals(AssertionErrors.java:122)
	at org.springframework.test.web.servlet.result.StatusResultMatchers.lambda$matcher$9(StatusResultMatchers.java:637)
	at org.springframework.test.web.servlet.MockMvc$1.andExpect(MockMvc.java:214)
	at cz.cvut.fel.ear.stepavi2_havriboh.rest.UserControllerTest.testUpdateUser_Success(UserControllerTest.java:108)
	at java.base/java.lang.reflect.Method.invoke(Method.java:568)
	at java.base/java.util.ArrayList.forEach(ArrayList.java:1511)
	at java.base/java.util.ArrayList.forEach(ArrayList.java:1511)
]]></failure>
    <system-out><![CDATA[03:36:06.981 [main] INFO org.springframework.mock.web.MockServletContext -- Initializing Spring TestDispatcherServlet ''
03:36:06.982 [main] INFO org.springframework.test.web.servlet.TestDispatcherServlet -- Initializing Servlet ''
03:36:06.982 [main] INFO org.springframework.test.web.servlet.TestDispatcherServlet -- Completed initialization in 0 ms
03:36:07.016 [main] INFO cz.cvut.fel.ear.stepavi2_havriboh.main.rest.UserController -- Updating user with ID: 1
03:36:07.017 [main] ERROR cz.cvut.fel.ear.stepavi2_havriboh.main.rest.UserController -- Error updating user with ID: 1: Current user cannot be null.
]]></system-out>
  </testcase>
  <testcase name="testGetAllUsers" classname="cz.cvut.fel.ear.stepavi2_havriboh.rest.UserControllerTest" time="0.035">
    <system-out><![CDATA[03:36:07.026 [main] INFO org.springframework.mock.web.MockServletContext -- Initializing Spring TestDispatcherServlet ''
03:36:07.027 [main] INFO org.springframework.test.web.servlet.TestDispatcherServlet -- Initializing Servlet ''
03:36:07.027 [main] INFO org.springframework.test.web.servlet.TestDispatcherServlet -- Completed initialization in 0 ms
03:36:07.030 [main] INFO cz.cvut.fel.ear.stepavi2_havriboh.main.rest.UserController -- Fetching all users
]]></system-out>
  </testcase>
  <testcase name="testCancelSubscription_UserNotFound" classname="cz.cvut.fel.ear.stepavi2_havriboh.rest.UserControllerTest" time="0.018">
    <error message="Request processing failed: java.lang.NullPointerException: Current user cannot be null." type="jakarta.servlet.ServletException"><![CDATA[jakarta.servlet.ServletException: Request processing failed: java.lang.NullPointerException: Current user cannot be null.
	at org.springframework.web.servlet.FrameworkServlet.processRequest(FrameworkServlet.java:1022)
	at org.springframework.web.servlet.FrameworkServlet.doPost(FrameworkServlet.java:914)
	at jakarta.servlet.http.HttpServlet.service(HttpServlet.java:590)
	at org.springframework.web.servlet.FrameworkServlet.service(FrameworkServlet.java:885)
	at org.springframework.test.web.servlet.TestDispatcherServlet.service(TestDispatcherServlet.java:72)
	at jakarta.servlet.http.HttpServlet.service(HttpServlet.java:658)
	at org.springframework.mock.web.MockFilterChain$ServletFilterProxy.doFilter(MockFilterChain.java:165)
	at org.springframework.mock.web.MockFilterChain.doFilter(MockFilterChain.java:132)
	at org.springframework.test.web.servlet.MockMvc.perform(MockMvc.java:201)
	at cz.cvut.fel.ear.stepavi2_havriboh.rest.UserControllerTest.testCancelSubscription_UserNotFound(UserControllerTest.java:170)
	at java.base/java.lang.reflect.Method.invoke(Method.java:568)
	at java.base/java.util.ArrayList.forEach(ArrayList.java:1511)
	at java.base/java.util.ArrayList.forEach(ArrayList.java:1511)
Caused by: java.lang.NullPointerException: Current user cannot be null.
	at java.base/java.util.Objects.requireNonNull(Objects.java:235)
	at cz.cvut.fel.ear.stepavi2_havriboh.main.rest.UserController.checkUserPerms(UserController.java:45)
	at cz.cvut.fel.ear.stepavi2_havriboh.main.rest.UserController.cancelSubscription(UserController.java:137)
	at java.base/jdk.internal.reflect.NativeMethodAccessorImpl.invoke0(Native Method)
	at java.base/jdk.internal.reflect.NativeMethodAccessorImpl.invoke(NativeMethodAccessorImpl.java:77)
	at java.base/jdk.internal.reflect.DelegatingMethodAccessorImpl.invoke(DelegatingMethodAccessorImpl.java:43)
	at java.base/java.lang.reflect.Method.invoke(Method.java:568)
	at org.springframework.web.method.support.InvocableHandlerMethod.doInvoke(InvocableHandlerMethod.java:255)
	at org.springframework.web.method.support.InvocableHandlerMethod.invokeForRequest(InvocableHandlerMethod.java:188)
	at org.springframework.web.servlet.mvc.method.annotation.ServletInvocableHandlerMethod.invokeAndHandle(ServletInvocableHandlerMethod.java:118)
	at org.springframework.web.servlet.mvc.method.annotation.RequestMappingHandlerAdapter.invokeHandlerMethod(RequestMappingHandlerAdapter.java:926)
	at org.springframework.web.servlet.mvc.method.annotation.RequestMappingHandlerAdapter.handleInternal(RequestMappingHandlerAdapter.java:831)
	at org.springframework.web.servlet.mvc.method.AbstractHandlerMethodAdapter.handle(AbstractHandlerMethodAdapter.java:87)
	at org.springframework.web.servlet.DispatcherServlet.doDispatch(DispatcherServlet.java:1089)
	at org.springframework.web.servlet.DispatcherServlet.doService(DispatcherServlet.java:979)
	at org.springframework.web.servlet.FrameworkServlet.processRequest(FrameworkServlet.java:1014)
	... 12 more
]]></error>
    <system-out><![CDATA[03:36:07.063 [main] INFO org.springframework.mock.web.MockServletContext -- Initializing Spring TestDispatcherServlet ''
03:36:07.064 [main] INFO org.springframework.test.web.servlet.TestDispatcherServlet -- Initializing Servlet ''
03:36:07.064 [main] INFO org.springframework.test.web.servlet.TestDispatcherServlet -- Completed initialization in 0 ms
03:36:07.072 [main] INFO cz.cvut.fel.ear.stepavi2_havriboh.main.rest.UserController -- Cancelling subscription for user with ID: 999
]]></system-out>
  </testcase>
  <testcase name="testActivateSubscription_Success" classname="cz.cvut.fel.ear.stepavi2_havriboh.rest.UserControllerTest" time="0.033">
    <failure message="Status expected:&lt;200&gt; but was:&lt;400&gt;" type="java.lang.AssertionError"><![CDATA[java.lang.AssertionError: Status expected:<200> but was:<400>
	at org.springframework.test.util.AssertionErrors.fail(AssertionErrors.java:59)
	at org.springframework.test.util.AssertionErrors.assertEquals(AssertionErrors.java:122)
	at org.springframework.test.web.servlet.result.StatusResultMatchers.lambda$matcher$9(StatusResultMatchers.java:637)
	at org.springframework.test.web.servlet.MockMvc$1.andExpect(MockMvc.java:214)
	at cz.cvut.fel.ear.stepavi2_havriboh.rest.UserControllerTest.testActivateSubscription_Success(UserControllerTest.java:140)
	at java.base/java.lang.reflect.Method.invoke(Method.java:568)
	at java.base/java.util.ArrayList.forEach(ArrayList.java:1511)
	at java.base/java.util.ArrayList.forEach(ArrayList.java:1511)
]]></failure>
    <system-out><![CDATA[03:36:07.090 [main] INFO org.springframework.mock.web.MockServletContext -- Initializing Spring TestDispatcherServlet ''
03:36:07.091 [main] INFO org.springframework.test.web.servlet.TestDispatcherServlet -- Initializing Servlet ''
03:36:07.092 [main] INFO org.springframework.test.web.servlet.TestDispatcherServlet -- Completed initialization in 1 ms
03:36:07.108 [main] WARN org.springframework.web.servlet.mvc.support.DefaultHandlerExceptionResolver -- Resolved [org.springframework.http.converter.HttpMessageNotReadableException: Required request body is missing: public org.springframework.http.ResponseEntity<java.lang.Object> cz.cvut.fel.ear.stepavi2_havriboh.main.rest.UserController.activateSubscription(int,java.util.Map<java.lang.String, java.lang.Integer>)]
]]></system-out>
  </testcase>
  <testcase name="testUpdateUser_UserNotFound" classname="cz.cvut.fel.ear.stepavi2_havriboh.rest.UserControllerTest" time="0.032">
    <failure message="Status expected:&lt;404&gt; but was:&lt;400&gt;" type="java.lang.AssertionError"><![CDATA[java.lang.AssertionError: Status expected:<404> but was:<400>
	at org.springframework.test.util.AssertionErrors.fail(AssertionErrors.java:59)
	at org.springframework.test.util.AssertionErrors.assertEquals(AssertionErrors.java:122)
	at org.springframework.test.web.servlet.result.StatusResultMatchers.lambda$matcher$9(StatusResultMatchers.java:637)
	at org.springframework.test.web.servlet.MockMvc$1.andExpect(MockMvc.java:214)
	at cz.cvut.fel.ear.stepavi2_havriboh.rest.UserControllerTest.testUpdateUser_UserNotFound(UserControllerTest.java:92)
	at java.base/java.lang.reflect.Method.invoke(Method.java:568)
	at java.base/java.util.ArrayList.forEach(ArrayList.java:1511)
	at java.base/java.util.ArrayList.forEach(ArrayList.java:1511)
]]></failure>
    <system-out><![CDATA[03:36:07.128 [main] INFO org.springframework.mock.web.MockServletContext -- Initializing Spring TestDispatcherServlet ''
03:36:07.129 [main] INFO org.springframework.test.web.servlet.TestDispatcherServlet -- Initializing Servlet ''
03:36:07.129 [main] INFO org.springframework.test.web.servlet.TestDispatcherServlet -- Completed initialization in 0 ms
03:36:07.137 [main] INFO cz.cvut.fel.ear.stepavi2_havriboh.main.rest.UserController -- Updating user with ID: 999
03:36:07.138 [main] ERROR cz.cvut.fel.ear.stepavi2_havriboh.main.rest.UserController -- Error updating user with ID: 999: Current user cannot be null.
]]></system-out>
  </testcase>
  <testcase name="testActivateSubscription_UserNotFound" classname="cz.cvut.fel.ear.stepavi2_havriboh.rest.UserControllerTest" time="0.021">
    <failure message="Status expected:&lt;404&gt; but was:&lt;400&gt;" type="java.lang.AssertionError"><![CDATA[java.lang.AssertionError: Status expected:<404> but was:<400>
	at org.springframework.test.util.AssertionErrors.fail(AssertionErrors.java:59)
	at org.springframework.test.util.AssertionErrors.assertEquals(AssertionErrors.java:122)
	at org.springframework.test.web.servlet.result.StatusResultMatchers.lambda$matcher$9(StatusResultMatchers.java:637)
	at org.springframework.test.web.servlet.MockMvc$1.andExpect(MockMvc.java:214)
	at cz.cvut.fel.ear.stepavi2_havriboh.rest.UserControllerTest.testActivateSubscription_UserNotFound(UserControllerTest.java:149)
	at java.base/java.lang.reflect.Method.invoke(Method.java:568)
	at java.base/java.util.ArrayList.forEach(ArrayList.java:1511)
	at java.base/java.util.ArrayList.forEach(ArrayList.java:1511)
]]></failure>
    <system-out><![CDATA[03:36:07.154 [main] INFO org.springframework.mock.web.MockServletContext -- Initializing Spring TestDispatcherServlet ''
03:36:07.156 [main] INFO org.springframework.test.web.servlet.TestDispatcherServlet -- Initializing Servlet ''
03:36:07.156 [main] INFO org.springframework.test.web.servlet.TestDispatcherServlet -- Completed initialization in 0 ms
03:36:07.161 [main] WARN org.springframework.web.servlet.mvc.support.DefaultHandlerExceptionResolver -- Resolved [org.springframework.http.converter.HttpMessageNotReadableException: Required request body is missing: public org.springframework.http.ResponseEntity<java.lang.Object> cz.cvut.fel.ear.stepavi2_havriboh.main.rest.UserController.activateSubscription(int,java.util.Map<java.lang.String, java.lang.Integer>)]
]]></system-out>
  </testcase>
  <testcase name="testCancelSubscription_Success" classname="cz.cvut.fel.ear.stepavi2_havriboh.rest.UserControllerTest" time="0.02">
    <error message="Request processing failed: java.lang.NullPointerException: Current user cannot be null." type="jakarta.servlet.ServletException"><![CDATA[jakarta.servlet.ServletException: Request processing failed: java.lang.NullPointerException: Current user cannot be null.
	at org.springframework.web.servlet.FrameworkServlet.processRequest(FrameworkServlet.java:1022)
	at org.springframework.web.servlet.FrameworkServlet.doPost(FrameworkServlet.java:914)
	at jakarta.servlet.http.HttpServlet.service(HttpServlet.java:590)
	at org.springframework.web.servlet.FrameworkServlet.service(FrameworkServlet.java:885)
	at org.springframework.test.web.servlet.TestDispatcherServlet.service(TestDispatcherServlet.java:72)
	at jakarta.servlet.http.HttpServlet.service(HttpServlet.java:658)
	at org.springframework.mock.web.MockFilterChain$ServletFilterProxy.doFilter(MockFilterChain.java:165)
	at org.springframework.mock.web.MockFilterChain.doFilter(MockFilterChain.java:132)
	at org.springframework.test.web.servlet.MockMvc.perform(MockMvc.java:201)
	at cz.cvut.fel.ear.stepavi2_havriboh.rest.UserControllerTest.testCancelSubscription_Success(UserControllerTest.java:161)
	at java.base/java.lang.reflect.Method.invoke(Method.java:568)
	at java.base/java.util.ArrayList.forEach(ArrayList.java:1511)
	at java.base/java.util.ArrayList.forEach(ArrayList.java:1511)
Caused by: java.lang.NullPointerException: Current user cannot be null.
	at java.base/java.util.Objects.requireNonNull(Objects.java:235)
	at cz.cvut.fel.ear.stepavi2_havriboh.main.rest.UserController.checkUserPerms(UserController.java:45)
	at cz.cvut.fel.ear.stepavi2_havriboh.main.rest.UserController.cancelSubscription(UserController.java:137)
	at java.base/jdk.internal.reflect.NativeMethodAccessorImpl.invoke0(Native Method)
	at java.base/jdk.internal.reflect.NativeMethodAccessorImpl.invoke(NativeMethodAccessorImpl.java:77)
	at java.base/jdk.internal.reflect.DelegatingMethodAccessorImpl.invoke(DelegatingMethodAccessorImpl.java:43)
	at java.base/java.lang.reflect.Method.invoke(Method.java:568)
	at org.springframework.web.method.support.InvocableHandlerMethod.doInvoke(InvocableHandlerMethod.java:255)
	at org.springframework.web.method.support.InvocableHandlerMethod.invokeForRequest(InvocableHandlerMethod.java:188)
	at org.springframework.web.servlet.mvc.method.annotation.ServletInvocableHandlerMethod.invokeAndHandle(ServletInvocableHandlerMethod.java:118)
	at org.springframework.web.servlet.mvc.method.annotation.RequestMappingHandlerAdapter.invokeHandlerMethod(RequestMappingHandlerAdapter.java:926)
	at org.springframework.web.servlet.mvc.method.annotation.RequestMappingHandlerAdapter.handleInternal(RequestMappingHandlerAdapter.java:831)
	at org.springframework.web.servlet.mvc.method.AbstractHandlerMethodAdapter.handle(AbstractHandlerMethodAdapter.java:87)
	at org.springframework.web.servlet.DispatcherServlet.doDispatch(DispatcherServlet.java:1089)
	at org.springframework.web.servlet.DispatcherServlet.doService(DispatcherServlet.java:979)
	at org.springframework.web.servlet.FrameworkServlet.processRequest(FrameworkServlet.java:1014)
	... 12 more
]]></error>
    <system-out><![CDATA[03:36:07.176 [main] INFO org.springframework.mock.web.MockServletContext -- Initializing Spring TestDispatcherServlet ''
03:36:07.176 [main] INFO org.springframework.test.web.servlet.TestDispatcherServlet -- Initializing Servlet ''
03:36:07.177 [main] INFO org.springframework.test.web.servlet.TestDispatcherServlet -- Completed initialization in 1 ms
03:36:07.182 [main] INFO cz.cvut.fel.ear.stepavi2_havriboh.main.rest.UserController -- Cancelling subscription for user with ID: 1
]]></system-out>
  </testcase>
  <testcase name="testCancelSubscription_NotActive" classname="cz.cvut.fel.ear.stepavi2_havriboh.rest.UserControllerTest" time="0.018">
    <error message="Request processing failed: java.lang.NullPointerException: Current user cannot be null." type="jakarta.servlet.ServletException"><![CDATA[jakarta.servlet.ServletException: Request processing failed: java.lang.NullPointerException: Current user cannot be null.
	at org.springframework.web.servlet.FrameworkServlet.processRequest(FrameworkServlet.java:1022)
	at org.springframework.web.servlet.FrameworkServlet.doPost(FrameworkServlet.java:914)
	at jakarta.servlet.http.HttpServlet.service(HttpServlet.java:590)
	at org.springframework.web.servlet.FrameworkServlet.service(FrameworkServlet.java:885)
	at org.springframework.test.web.servlet.TestDispatcherServlet.service(TestDispatcherServlet.java:72)
	at jakarta.servlet.http.HttpServlet.service(HttpServlet.java:658)
	at org.springframework.mock.web.MockFilterChain$ServletFilterProxy.doFilter(MockFilterChain.java:165)
	at org.springframework.mock.web.MockFilterChain.doFilter(MockFilterChain.java:132)
	at org.springframework.test.web.servlet.MockMvc.perform(MockMvc.java:201)
	at cz.cvut.fel.ear.stepavi2_havriboh.rest.UserControllerTest.testCancelSubscription_NotActive(UserControllerTest.java:184)
	at java.base/java.lang.reflect.Method.invoke(Method.java:568)
	at java.base/java.util.ArrayList.forEach(ArrayList.java:1511)
	at java.base/java.util.ArrayList.forEach(ArrayList.java:1511)
Caused by: java.lang.NullPointerException: Current user cannot be null.
	at java.base/java.util.Objects.requireNonNull(Objects.java:235)
	at cz.cvut.fel.ear.stepavi2_havriboh.main.rest.UserController.checkUserPerms(UserController.java:45)
	at cz.cvut.fel.ear.stepavi2_havriboh.main.rest.UserController.cancelSubscription(UserController.java:137)
	at java.base/jdk.internal.reflect.NativeMethodAccessorImpl.invoke0(Native Method)
	at java.base/jdk.internal.reflect.NativeMethodAccessorImpl.invoke(NativeMethodAccessorImpl.java:77)
	at java.base/jdk.internal.reflect.DelegatingMethodAccessorImpl.invoke(DelegatingMethodAccessorImpl.java:43)
	at java.base/java.lang.reflect.Method.invoke(Method.java:568)
	at org.springframework.web.method.support.InvocableHandlerMethod.doInvoke(InvocableHandlerMethod.java:255)
	at org.springframework.web.method.support.InvocableHandlerMethod.invokeForRequest(InvocableHandlerMethod.java:188)
	at org.springframework.web.servlet.mvc.method.annotation.ServletInvocableHandlerMethod.invokeAndHandle(ServletInvocableHandlerMethod.java:118)
	at org.springframework.web.servlet.mvc.method.annotation.RequestMappingHandlerAdapter.invokeHandlerMethod(RequestMappingHandlerAdapter.java:926)
	at org.springframework.web.servlet.mvc.method.annotation.RequestMappingHandlerAdapter.handleInternal(RequestMappingHandlerAdapter.java:831)
	at org.springframework.web.servlet.mvc.method.AbstractHandlerMethodAdapter.handle(AbstractHandlerMethodAdapter.java:87)
	at org.springframework.web.servlet.DispatcherServlet.doDispatch(DispatcherServlet.java:1089)
	at org.springframework.web.servlet.DispatcherServlet.doService(DispatcherServlet.java:979)
	at org.springframework.web.servlet.FrameworkServlet.processRequest(FrameworkServlet.java:1014)
	... 12 more
]]></error>
    <system-out><![CDATA[03:36:07.197 [main] INFO org.springframework.mock.web.MockServletContext -- Initializing Spring TestDispatcherServlet ''
03:36:07.198 [main] INFO org.springframework.test.web.servlet.TestDispatcherServlet -- Initializing Servlet ''
03:36:07.198 [main] INFO org.springframework.test.web.servlet.TestDispatcherServlet -- Completed initialization in 0 ms
03:36:07.203 [main] INFO cz.cvut.fel.ear.stepavi2_havriboh.main.rest.UserController -- Cancelling subscription for user with ID: 1
]]></system-out>
  </testcase>
  <testcase name="testCreateUser_Success" classname="cz.cvut.fel.ear.stepavi2_havriboh.rest.UserControllerTest" time="0.023">
    <system-out><![CDATA[03:36:07.222 [main] INFO org.springframework.mock.web.MockServletContext -- Initializing Spring TestDispatcherServlet ''
03:36:07.222 [main] INFO org.springframework.test.web.servlet.TestDispatcherServlet -- Initializing Servlet ''
03:36:07.223 [main] INFO org.springframework.test.web.servlet.TestDispatcherServlet -- Completed initialization in 1 ms
03:36:07.231 [main] INFO cz.cvut.fel.ear.stepavi2_havriboh.main.rest.UserController -- Creating user: newUser
]]></system-out>
  </testcase>
  <testcase name="testDeleteUser_UserNotFound" classname="cz.cvut.fel.ear.stepavi2_havriboh.rest.UserControllerTest" time="0.017">
    <system-out><![CDATA[03:36:07.247 [main] INFO org.springframework.mock.web.MockServletContext -- Initializing Spring TestDispatcherServlet ''
03:36:07.247 [main] INFO org.springframework.test.web.servlet.TestDispatcherServlet -- Initializing Servlet ''
03:36:07.248 [main] INFO org.springframework.test.web.servlet.TestDispatcherServlet -- Completed initialization in 1 ms
03:36:07.251 [main] INFO cz.cvut.fel.ear.stepavi2_havriboh.main.rest.UserController -- Deleting user with ID: 999
03:36:07.252 [main] ERROR cz.cvut.fel.ear.stepavi2_havriboh.main.rest.UserController -- User not found with ID: 999
]]></system-out>
  </testcase>
  <testcase name="testGetUserById_Success" classname="cz.cvut.fel.ear.stepavi2_havriboh.rest.UserControllerTest" time="0.013">
    <error message="Request processing failed: java.lang.NullPointerException: Current user cannot be null." type="jakarta.servlet.ServletException"><![CDATA[jakarta.servlet.ServletException: Request processing failed: java.lang.NullPointerException: Current user cannot be null.
	at org.springframework.web.servlet.FrameworkServlet.processRequest(FrameworkServlet.java:1022)
	at org.springframework.web.servlet.FrameworkServlet.doGet(FrameworkServlet.java:903)
	at jakarta.servlet.http.HttpServlet.service(HttpServlet.java:564)
	at org.springframework.web.servlet.FrameworkServlet.service(FrameworkServlet.java:885)
	at org.springframework.test.web.servlet.TestDispatcherServlet.service(TestDispatcherServlet.java:72)
	at jakarta.servlet.http.HttpServlet.service(HttpServlet.java:658)
	at org.springframework.mock.web.MockFilterChain$ServletFilterProxy.doFilter(MockFilterChain.java:165)
	at org.springframework.mock.web.MockFilterChain.doFilter(MockFilterChain.java:132)
	at org.springframework.test.web.servlet.MockMvc.perform(MockMvc.java:201)
	at cz.cvut.fel.ear.stepavi2_havriboh.rest.UserControllerTest.testGetUserById_Success(UserControllerTest.java:52)
	at java.base/java.lang.reflect.Method.invoke(Method.java:568)
	at java.base/java.util.ArrayList.forEach(ArrayList.java:1511)
	at java.base/java.util.ArrayList.forEach(ArrayList.java:1511)
Caused by: java.lang.NullPointerException: Current user cannot be null.
	at java.base/java.util.Objects.requireNonNull(Objects.java:235)
	at cz.cvut.fel.ear.stepavi2_havriboh.main.rest.UserController.checkUserPerms(UserController.java:45)
	at cz.cvut.fel.ear.stepavi2_havriboh.main.rest.UserController.getUserById(UserController.java:57)
	at java.base/jdk.internal.reflect.NativeMethodAccessorImpl.invoke0(Native Method)
	at java.base/jdk.internal.reflect.NativeMethodAccessorImpl.invoke(NativeMethodAccessorImpl.java:77)
	at java.base/jdk.internal.reflect.DelegatingMethodAccessorImpl.invoke(DelegatingMethodAccessorImpl.java:43)
	at java.base/java.lang.reflect.Method.invoke(Method.java:568)
	at org.springframework.web.method.support.InvocableHandlerMethod.doInvoke(InvocableHandlerMethod.java:255)
	at org.springframework.web.method.support.InvocableHandlerMethod.invokeForRequest(InvocableHandlerMethod.java:188)
	at org.springframework.web.servlet.mvc.method.annotation.ServletInvocableHandlerMethod.invokeAndHandle(ServletInvocableHandlerMethod.java:118)
	at org.springframework.web.servlet.mvc.method.annotation.RequestMappingHandlerAdapter.invokeHandlerMethod(RequestMappingHandlerAdapter.java:926)
	at org.springframework.web.servlet.mvc.method.annotation.RequestMappingHandlerAdapter.handleInternal(RequestMappingHandlerAdapter.java:831)
	at org.springframework.web.servlet.mvc.method.AbstractHandlerMethodAdapter.handle(AbstractHandlerMethodAdapter.java:87)
	at org.springframework.web.servlet.DispatcherServlet.doDispatch(DispatcherServlet.java:1089)
	at org.springframework.web.servlet.DispatcherServlet.doService(DispatcherServlet.java:979)
	at org.springframework.web.servlet.FrameworkServlet.processRequest(FrameworkServlet.java:1014)
	... 12 more
]]></error>
    <system-out><![CDATA[03:36:07.264 [main] INFO org.springframework.mock.web.MockServletContext -- Initializing Spring TestDispatcherServlet ''
03:36:07.264 [main] INFO org.springframework.test.web.servlet.TestDispatcherServlet -- Initializing Servlet ''
03:36:07.265 [main] INFO org.springframework.test.web.servlet.TestDispatcherServlet -- Completed initialization in 0 ms
03:36:07.268 [main] INFO cz.cvut.fel.ear.stepavi2_havriboh.main.rest.UserController -- Fetching user with ID: 1
]]></system-out>
  </testcase>
  <testcase name="testGetUserById_UserNotFound" classname="cz.cvut.fel.ear.stepavi2_havriboh.rest.UserControllerTest" time="0.021">
    <error message="Request processing failed: java.lang.NullPointerException: Current user cannot be null." type="jakarta.servlet.ServletException"><![CDATA[jakarta.servlet.ServletException: Request processing failed: java.lang.NullPointerException: Current user cannot be null.
	at org.springframework.web.servlet.FrameworkServlet.processRequest(FrameworkServlet.java:1022)
	at org.springframework.web.servlet.FrameworkServlet.doGet(FrameworkServlet.java:903)
	at jakarta.servlet.http.HttpServlet.service(HttpServlet.java:564)
	at org.springframework.web.servlet.FrameworkServlet.service(FrameworkServlet.java:885)
	at org.springframework.test.web.servlet.TestDispatcherServlet.service(TestDispatcherServlet.java:72)
	at jakarta.servlet.http.HttpServlet.service(HttpServlet.java:658)
	at org.springframework.mock.web.MockFilterChain$ServletFilterProxy.doFilter(MockFilterChain.java:165)
	at org.springframework.mock.web.MockFilterChain.doFilter(MockFilterChain.java:132)
	at org.springframework.test.web.servlet.MockMvc.perform(MockMvc.java:201)
	at cz.cvut.fel.ear.stepavi2_havriboh.rest.UserControllerTest.testGetUserById_UserNotFound(UserControllerTest.java:61)
	at java.base/java.lang.reflect.Method.invoke(Method.java:568)
	at java.base/java.util.ArrayList.forEach(ArrayList.java:1511)
	at java.base/java.util.ArrayList.forEach(ArrayList.java:1511)
Caused by: java.lang.NullPointerException: Current user cannot be null.
	at java.base/java.util.Objects.requireNonNull(Objects.java:235)
	at cz.cvut.fel.ear.stepavi2_havriboh.main.rest.UserController.checkUserPerms(UserController.java:45)
	at cz.cvut.fel.ear.stepavi2_havriboh.main.rest.UserController.getUserById(UserController.java:57)
	at java.base/jdk.internal.reflect.NativeMethodAccessorImpl.invoke0(Native Method)
	at java.base/jdk.internal.reflect.NativeMethodAccessorImpl.invoke(NativeMethodAccessorImpl.java:77)
	at java.base/jdk.internal.reflect.DelegatingMethodAccessorImpl.invoke(DelegatingMethodAccessorImpl.java:43)
	at java.base/java.lang.reflect.Method.invoke(Method.java:568)
	at org.springframework.web.method.support.InvocableHandlerMethod.doInvoke(InvocableHandlerMethod.java:255)
	at org.springframework.web.method.support.InvocableHandlerMethod.invokeForRequest(InvocableHandlerMethod.java:188)
	at org.springframework.web.servlet.mvc.method.annotation.ServletInvocableHandlerMethod.invokeAndHandle(ServletInvocableHandlerMethod.java:118)
	at org.springframework.web.servlet.mvc.method.annotation.RequestMappingHandlerAdapter.invokeHandlerMethod(RequestMappingHandlerAdapter.java:926)
	at org.springframework.web.servlet.mvc.method.annotation.RequestMappingHandlerAdapter.handleInternal(RequestMappingHandlerAdapter.java:831)
	at org.springframework.web.servlet.mvc.method.AbstractHandlerMethodAdapter.handle(AbstractHandlerMethodAdapter.java:87)
	at org.springframework.web.servlet.DispatcherServlet.doDispatch(DispatcherServlet.java:1089)
	at org.springframework.web.servlet.DispatcherServlet.doService(DispatcherServlet.java:979)
	at org.springframework.web.servlet.FrameworkServlet.processRequest(FrameworkServlet.java:1014)
	... 12 more
]]></error>
    <system-out><![CDATA[03:36:07.285 [main] INFO org.springframework.mock.web.MockServletContext -- Initializing Spring TestDispatcherServlet ''
03:36:07.285 [main] INFO org.springframework.test.web.servlet.TestDispatcherServlet -- Initializing Servlet ''
03:36:07.287 [main] INFO org.springframework.test.web.servlet.TestDispatcherServlet -- Completed initialization in 2 ms
03:36:07.291 [main] INFO cz.cvut.fel.ear.stepavi2_havriboh.main.rest.UserController -- Fetching user with ID: 999
]]></system-out>
  </testcase>
</testsuite>