<?xml version="1.0" encoding="UTF-8"?>
<testsuite xmlns:xsi="http://www.w3.org/2001/XMLSchema-instance" xsi:noNamespaceSchemaLocation="https://maven.apache.org/surefire/maven-surefire-plugin/xsd/surefire-test-report-3.0.xsd" version="3.0" name="cz.cvut.sem.ear.stepavi2.havriboh.main.service.CategoryServiceTest" time="2.39" tests="10" errors="1" skipped="0" failures="0">
  <properties>
[...]
</properties>
  <testcase name="updateCategoryByIdThrowsCategoryNotFoundException" classname="cz.cvut.sem.ear.stepavi2.havriboh.main.service.CategoryServiceTest" time="0.033">
    <system-out><![CDATA[2024-12-03T13:00:03.025+01:00  INFO 14616 --- [Semestralka] [           main] t.c.s.AnnotationConfigContextLoaderUtils : Could not detect default configuration classes for test class [cz.cvut.sem.ear.stepavi2.havriboh.main.service.CategoryServiceTest]: CategoryServiceTest does not declare any static, non-private, non-final, nested classes annotated with @Configuration.
2024-12-03T13:00:03.029+01:00  INFO 14616 --- [Semestralka] [           main] .b.t.c.SpringBootTestContextBootstrapper : Found @SpringBootConfiguration cz.cvut.sem.ear.stepavi2.havriboh.main.Application for test class cz.cvut.sem.ear.stepavi2.havriboh.main.service.CategoryServiceTest

  .   ____          _            __ _ _
 /\\ / ___'_ __ _ _(_)_ __  __ _ \ \ \ \
( ( )\___ | '_ | '_| | '_ \/ _` | \ \ \ \
 \\/  ___)| |_)| | | | | || (_| |  ) ) ) )
  '  |____| .__|_| |_|_| |_\__, | / / / /
 =========|_|==============|___/=/_/_/_/

 :: Spring Boot ::                (v3.3.4)

2024-12-03T13:00:03.068+01:00  INFO 14616 --- [Semestralka] [           main] c.c.s.e.s.h.m.s.CategoryServiceTest      : Starting CategoryServiceTest using Java 17.0.12 with PID 14616 (started by pozit in D:\Study\semestr_3\EAR\semestralnipraceear)
2024-12-03T13:00:03.069+01:00  INFO 14616 --- [Semestralka] [           main] c.c.s.e.s.h.m.s.CategoryServiceTest      : The following 1 profile is active: "test"
2024-12-03T13:00:03.374+01:00  INFO 14616 --- [Semestralka] [           main] .s.d.r.c.RepositoryConfigurationDelegate : Bootstrapping Spring Data JPA repositories in DEFAULT mode.
2024-12-03T13:00:03.387+01:00  INFO 14616 --- [Semestralka] [           main] .s.d.r.c.RepositoryConfigurationDelegate : Finished Spring Data repository scanning in 13 ms. Found 0 JPA repository interfaces.
2024-12-03T13:00:03.592+01:00  INFO 14616 --- [Semestralka] [           main] o.hibernate.jpa.internal.util.LogHelper  : HHH000204: Processing PersistenceUnitInfo [name: default]
2024-12-03T13:00:03.595+01:00  INFO 14616 --- [Semestralka] [           main] o.h.c.internal.RegionFactoryInitiator    : HHH000026: Second-level cache disabled
2024-12-03T13:00:03.607+01:00  INFO 14616 --- [Semestralka] [           main] o.s.o.j.p.SpringPersistenceUnitInfo      : No LoadTimeWeaver setup: ignoring JPA class transformer
2024-12-03T13:00:03.608+01:00  INFO 14616 --- [Semestralka] [           main] com.zaxxer.hikari.HikariDataSource       : HikariPool-3 - Starting...
2024-12-03T13:00:03.610+01:00  INFO 14616 --- [Semestralka] [           main] com.zaxxer.hikari.pool.HikariPool        : HikariPool-3 - Added connection conn20: url=jdbc:h2:mem:test user=SA
2024-12-03T13:00:03.610+01:00  INFO 14616 --- [Semestralka] [           main] com.zaxxer.hikari.HikariDataSource       : HikariPool-3 - Start completed.
2024-12-03T13:00:03.611+01:00  WARN 14616 --- [Semestralka] [           main] org.hibernate.orm.deprecation            : HHH90000025: H2Dialect does not need to be specified explicitly using 'hibernate.dialect' (remove the property setting and it will be selected by default)
2024-12-03T13:00:04.061+01:00  INFO 14616 --- [Semestralka] [           main] o.h.e.t.j.p.i.JtaPlatformInitiator       : HHH000489: No JTA platform available (set 'hibernate.transaction.jta.platform' to enable JTA platform integration)
2024-12-03T13:00:04.309+01:00  INFO 14616 --- [Semestralka] [           main] j.LocalContainerEntityManagerFactoryBean : Initialized JPA EntityManagerFactory for persistence unit 'default'
2024-12-03T13:00:04.479+01:00  INFO 14616 --- [Semestralka] [           main] c.c.s.e.s.h.m.service.SystemInitializer  : Generated premium user with credentials secret_premium_user/premium
2024-12-03T13:00:04.880+01:00  WARN 14616 --- [Semestralka] [           main] JpaBaseConfiguration$JpaWebConfiguration : spring.jpa.open-in-view is enabled by default. Therefore, database queries may be performed during view rendering. Explicitly configure spring.jpa.open-in-view to disable this warning
2024-12-03T13:00:05.192+01:00  INFO 14616 --- [Semestralka] [           main] r$InitializeUserDetailsManagerConfigurer : Global AuthenticationManager configured with UserDetailsService bean with name userDetailsService
2024-12-03T13:00:05.257+01:00  INFO 14616 --- [Semestralka] [           main] c.c.s.e.s.h.m.s.CategoryServiceTest      : Started CategoryServiceTest in 2.224 seconds (process running for 12.334)
]]></system-out>
  </testcase>
  <testcase name="createCategoryThrowsEmptyNameException" classname="cz.cvut.sem.ear.stepavi2.havriboh.main.service.CategoryServiceTest" time="0.004"/>
  <testcase name="getCategoryByIdReturnsCategoryIfCategoryExists" classname="cz.cvut.sem.ear.stepavi2.havriboh.main.service.CategoryServiceTest" time="0.007"/>
  <testcase name="updateCategoryByIdUpdatesCategory" classname="cz.cvut.sem.ear.stepavi2.havriboh.main.service.CategoryServiceTest" time="0.045"/>
  <testcase name="createCategoryThrowsNegativeCategoryLimitException" classname="cz.cvut.sem.ear.stepavi2.havriboh.main.service.CategoryServiceTest" time="0.012"/>
  <testcase name="createCategoryCreatesCategoryIfDataIsValid" classname="cz.cvut.sem.ear.stepavi2.havriboh.main.service.CategoryServiceTest" time="0.009"/>
  <testcase name="createCategoryThrowsEmptyDescriptionException" classname="cz.cvut.sem.ear.stepavi2.havriboh.main.service.CategoryServiceTest" time="0.005"/>
  <testcase name="deleteCategoryByIdDeletesCategory" classname="cz.cvut.sem.ear.stepavi2.havriboh.main.service.CategoryServiceTest" time="0.007"/>
  <testcase name="getCategoryByIdThrowsCategoryNotFoundException" classname="cz.cvut.sem.ear.stepavi2.havriboh.main.service.CategoryServiceTest" time="0.006"/>
  <testcase name="deleteCategoryByIdThrowsExceptionWhenCategoryHasTransactions" classname="cz.cvut.sem.ear.stepavi2.havriboh.main.service.CategoryServiceTest" time="0.009">
    <error message="org.hibernate.PropertyValueException: not-null property references a null or transient value : cz.cvut.sem.ear.stepavi2.havriboh.main.model.Transaction.account" type="cz.cvut.sem.ear.stepavi2.havriboh.main.exception.PersistenceException"><![CDATA[cz.cvut.sem.ear.stepavi2.havriboh.main.exception.PersistenceException: org.hibernate.PropertyValueException: not-null property references a null or transient value : cz.cvut.sem.ear.stepavi2.havriboh.main.model.Transaction.account
	at cz.cvut.sem.ear.stepavi2.havriboh.main.dao.BaseDao.persist(BaseDao.java:42)
	at cz.cvut.sem.ear.stepavi2.havriboh.main.dao.TransactionDao.persist(TransactionDao.java:24)
	at java.base/jdk.internal.reflect.NativeMethodAccessorImpl.invoke0(Native Method)
	at java.base/jdk.internal.reflect.NativeMethodAccessorImpl.invoke(NativeMethodAccessorImpl.java:77)
	at java.base/jdk.internal.reflect.DelegatingMethodAccessorImpl.invoke(DelegatingMethodAccessorImpl.java:43)
	at java.base/java.lang.reflect.Method.invoke(Method.java:568)
	at org.springframework.aop.support.AopUtils.invokeJoinpointUsingReflection(AopUtils.java:355)
	at org.springframework.aop.framework.ReflectiveMethodInvocation.invokeJoinpoint(ReflectiveMethodInvocation.java:196)
	at org.springframework.aop.framework.ReflectiveMethodInvocation.proceed(ReflectiveMethodInvocation.java:163)
	at org.springframework.aop.framework.CglibAopProxy$CglibMethodInvocation.proceed(CglibAopProxy.java:768)
	at org.springframework.dao.support.PersistenceExceptionTranslationInterceptor.invoke(PersistenceExceptionTranslationInterceptor.java:138)
	at org.springframework.aop.framework.ReflectiveMethodInvocation.proceed(ReflectiveMethodInvocation.java:184)
	at org.springframework.aop.framework.CglibAopProxy$CglibMethodInvocation.proceed(CglibAopProxy.java:768)
	at org.springframework.aop.framework.CglibAopProxy$DynamicAdvisedInterceptor.intercept(CglibAopProxy.java:720)
	at cz.cvut.sem.ear.stepavi2.havriboh.main.dao.TransactionDao$$SpringCGLIB$$0.persist(<generated>)
	at cz.cvut.sem.ear.stepavi2.havriboh.main.service.CategoryServiceTest.deleteCategoryByIdThrowsExceptionWhenCategoryHasTransactions(CategoryServiceTest.java:144)
	at java.base/java.lang.reflect.Method.invoke(Method.java:568)
	at java.base/java.util.ArrayList.forEach(ArrayList.java:1511)
	at java.base/java.util.ArrayList.forEach(ArrayList.java:1511)
Caused by: org.hibernate.PropertyValueException: not-null property references a null or transient value : cz.cvut.sem.ear.stepavi2.havriboh.main.model.Transaction.account
	at org.hibernate.engine.internal.Nullability.checkNullability(Nullability.java:109)
	at org.hibernate.engine.internal.Nullability.checkNullability(Nullability.java:54)
	at org.hibernate.action.internal.AbstractEntityInsertAction.nullifyTransientReferencesIfNotAlready(AbstractEntityInsertAction.java:124)
	at org.hibernate.action.internal.AbstractEntityInsertAction.makeEntityManaged(AbstractEntityInsertAction.java:133)
	at org.hibernate.engine.spi.ActionQueue.addResolvedEntityInsertAction(ActionQueue.java:300)
	at org.hibernate.engine.spi.ActionQueue.addInsertAction(ActionQueue.java:273)
	at org.hibernate.engine.spi.ActionQueue.addAction(ActionQueue.java:260)
	at org.hibernate.event.internal.AbstractSaveEventListener.addInsertAction(AbstractSaveEventListener.java:404)
	at org.hibernate.event.internal.AbstractSaveEventListener.performSaveOrReplicate(AbstractSaveEventListener.java:305)
	at org.hibernate.event.internal.AbstractSaveEventListener.performSave(AbstractSaveEventListener.java:224)
	at org.hibernate.event.internal.AbstractSaveEventListener.saveWithGeneratedId(AbstractSaveEventListener.java:137)
	at org.hibernate.event.internal.DefaultPersistEventListener.entityIsTransient(DefaultPersistEventListener.java:175)
	at org.hibernate.event.internal.DefaultPersistEventListener.persist(DefaultPersistEventListener.java:93)
	at org.hibernate.event.internal.DefaultPersistEventListener.onPersist(DefaultPersistEventListener.java:77)
	at org.hibernate.event.internal.DefaultPersistEventListener.onPersist(DefaultPersistEventListener.java:54)
	at org.hibernate.event.service.internal.EventListenerGroupImpl.fireEventOnEachListener(EventListenerGroupImpl.java:127)
	at org.hibernate.internal.SessionImpl.firePersist(SessionImpl.java:757)
	at org.hibernate.internal.SessionImpl.persist(SessionImpl.java:741)
	at jdk.internal.reflect.GeneratedMethodAccessor53.invoke(Unknown Source)
	at java.base/jdk.internal.reflect.DelegatingMethodAccessorImpl.invoke(DelegatingMethodAccessorImpl.java:43)
	at java.base/java.lang.reflect.Method.invoke(Method.java:568)
	at org.springframework.orm.jpa.SharedEntityManagerCreator$SharedEntityManagerInvocationHandler.invoke(SharedEntityManagerCreator.java:319)
	at jdk.proxy2/jdk.proxy2.$Proxy130.persist(Unknown Source)
	at cz.cvut.sem.ear.stepavi2.havriboh.main.dao.BaseDao.persist(BaseDao.java:40)
	... 18 more
]]></error>
  </testcase>
</testsuite>