<?xml version="1.0" encoding="UTF-8"?>
<testsuite xmlns:xsi="http://www.w3.org/2001/XMLSchema-instance" xsi:noNamespaceSchemaLocation="https://maven.apache.org/surefire/maven-surefire-plugin/xsd/surefire-test-report-3.0.xsd" version="3.0" name="cz.cvut.fel.ear.stepavi2_havriboh.service.AccountServiceTest" time="9.749" tests="14" errors="0" skipped="0" failures="0">
  <properties>
[...]
</properties>
  <testcase name="addUserByIdDoesntAddUserIfAlreadyAdded" classname="cz.cvut.fel.ear.stepavi2_havriboh.service.AccountServiceTest" time="0.078">
    <system-out><![CDATA[13:47:22.117 [main] INFO org.springframework.test.context.support.AnnotationConfigContextLoaderUtils -- Could not detect default configuration classes for test class [cz.cvut.fel.ear.stepavi2_havriboh.service.AccountServiceTest]: AccountServiceTest does not declare any static, non-private, non-final, nested classes annotated with @Configuration.
13:47:22.255 [main] INFO org.springframework.boot.test.context.SpringBootTestContextBootstrapper -- Found @SpringBootConfiguration cz.cvut.fel.ear.stepavi2_havriboh.Application for test class cz.cvut.fel.ear.stepavi2_havriboh.service.AccountServiceTest

  .   ____          _            __ _ _
 /\\ / ___'_ __ _ _(_)_ __  __ _ \ \ \ \
( ( )\___ | '_ | '_| | '_ \/ _` | \ \ \ \
 \\/  ___)| |_)| | | | | || (_| |  ) ) ) )
  '  |____| .__|_| |_|_| |_\__, | / / / /
 =========|_|==============|___/=/_/_/_/

 :: Spring Boot ::                (v3.3.4)

2025-01-03T13:47:22.889+01:00  INFO 7900 --- [           main] c.c.f.e.s.service.AccountServiceTest     : Starting AccountServiceTest using Java 17.0.12 with PID 7900 (started by admin in D:\Study\semestralnipraceear)
2025-01-03T13:47:22.892+01:00  INFO 7900 --- [           main] c.c.f.e.s.service.AccountServiceTest     : The following 1 profile is active: "test"
2025-01-03T13:47:24.073+01:00  INFO 7900 --- [           main] .s.d.r.c.RepositoryConfigurationDelegate : Bootstrapping Spring Data JPA repositories in DEFAULT mode.
2025-01-03T13:47:24.128+01:00  INFO 7900 --- [           main] .s.d.r.c.RepositoryConfigurationDelegate : Finished Spring Data repository scanning in 42 ms. Found 0 JPA repository interfaces.
2025-01-03T13:47:24.984+01:00  INFO 7900 --- [           main] o.hibernate.jpa.internal.util.LogHelper  : HHH000204: Processing PersistenceUnitInfo [name: default]
2025-01-03T13:47:25.085+01:00  INFO 7900 --- [           main] org.hibernate.Version                    : HHH000412: Hibernate ORM core version 6.5.3.Final
2025-01-03T13:47:25.157+01:00  INFO 7900 --- [           main] o.h.c.internal.RegionFactoryInitiator    : HHH000026: Second-level cache disabled
2025-01-03T13:47:25.395+01:00  INFO 7900 --- [           main] o.s.o.j.p.SpringPersistenceUnitInfo      : No LoadTimeWeaver setup: ignoring JPA class transformer
2025-01-03T13:47:25.457+01:00  INFO 7900 --- [           main] com.zaxxer.hikari.HikariDataSource       : HikariPool-1 - Starting...
2025-01-03T13:47:25.747+01:00  INFO 7900 --- [           main] com.zaxxer.hikari.pool.HikariPool        : HikariPool-1 - Added connection conn0: url=jdbc:h2:mem:test user=SEM
2025-01-03T13:47:25.750+01:00  INFO 7900 --- [           main] com.zaxxer.hikari.HikariDataSource       : HikariPool-1 - Start completed.
2025-01-03T13:47:25.804+01:00  WARN 7900 --- [           main] org.hibernate.orm.deprecation            : HHH90000025: H2Dialect does not need to be specified explicitly using 'hibernate.dialect' (remove the property setting and it will be selected by default)
2025-01-03T13:47:27.566+01:00  INFO 7900 --- [           main] o.h.e.t.j.p.i.JtaPlatformInitiator       : HHH000489: No JTA platform available (set 'hibernate.transaction.jta.platform' to enable JTA platform integration)
Hibernate: drop table if exists account_user cascade 
Hibernate: drop table if exists accounts cascade 
Hibernate: drop table if exists budgets cascade 
Hibernate: drop table if exists categories cascade 
Hibernate: drop table if exists reports cascade 
Hibernate: drop table if exists transactions cascade 
Hibernate: drop table if exists users cascade 
Hibernate: create table account_user (account_id integer not null, user_id integer not null)
Hibernate: create table accounts (creator_id integer not null, id integer generated by default as identity, account_name varchar(100) not null, primary key (id))
Hibernate: create table budgets (account_id integer unique, balance numeric(15,2) not null, id integer generated by default as identity, currency enum ('CZK','EUR','USD') not null, primary key (id))
Hibernate: create table categories (id integer generated by default as identity, name varchar(100) not null, description varchar(255), primary key (id))
Hibernate: create table reports (account_id integer, from_date date not null, id integer generated by default as identity, to_date date not null, primary key (id))
Hibernate: create table transactions (account_id integer, amount numeric(15,2) not null, budget_id integer, category_id integer, date date not null, id integer generated by default as identity, description varchar(255), type enum ('EXPENSE','INCOME'), primary key (id))
Hibernate: create table users (id integer generated by default as identity, subscription_end_date date, subscription_start_date date, email varchar(255) not null unique, password varchar(255) not null, username varchar(255) not null unique, role enum ('ADMIN','PREMIUM','USER') not null, primary key (id))
Hibernate: alter table if exists account_user add constraint FKks9eu44dgbs0wm9yokfi6bsyf foreign key (user_id) references users
Hibernate: alter table if exists account_user add constraint FK1g1m7vaq8nyf33shkii5ts1jd foreign key (account_id) references accounts
Hibernate: alter table if exists accounts add constraint FK4dmta8rh013qohdn423ra0697 foreign key (creator_id) references users
Hibernate: alter table if exists budgets add constraint FK8ejw00f6x180r8ks8d1bcu8ok foreign key (account_id) references accounts
Hibernate: alter table if exists reports add constraint FKkcvfxwk4co9gd460j876xesvr foreign key (account_id) references accounts
Hibernate: alter table if exists transactions add constraint FK20w7wsg13u9srbq3bd7chfxdh foreign key (account_id) references accounts
Hibernate: alter table if exists transactions add constraint FK72hg9l0h9etv2h69eg6mk5dpc foreign key (budget_id) references budgets
Hibernate: alter table if exists transactions add constraint FKsqqi7sneo04kast0o138h19mv foreign key (category_id) references categories
2025-01-03T13:47:27.643+01:00  INFO 7900 --- [           main] j.LocalContainerEntityManagerFactoryBean : Initialized JPA EntityManagerFactory for persistence unit 'default'
Hibernate: select u1_0.id,u1_0.email,u1_0.password,u1_0.role,u1_0.subscription_end_date,u1_0.subscription_start_date,u1_0.username from users u1_0 where u1_0.username=?
2025-01-03T13:47:28.798+01:00  INFO 7900 --- [           main] c.c.f.e.s.m.service.SystemInitializer    : Generated admin user with credentials admin/$2a$10$tfrYEDY2tZt.MQPIprJZxevZn2oz1jf/qGJJgUCdP3iuDkiQ1BzsO
Hibernate: insert into users (email,password,role,subscription_end_date,subscription_start_date,username,id) values (?,?,?,?,?,?,default)
2025-01-03T13:47:29.276+01:00  WARN 7900 --- [           main] JpaBaseConfiguration$JpaWebConfiguration : spring.jpa.open-in-view is enabled by default. Therefore, database queries may be performed during view rendering. Explicitly configure spring.jpa.open-in-view to disable this warning
2025-01-03T13:47:29.401+01:00  INFO 7900 --- [           main] o.s.b.a.h2.H2ConsoleAutoConfiguration    : H2 console available at '/h2-console'. Database available at 'jdbc:h2:mem:test'
2025-01-03T13:47:29.489+01:00  WARN 7900 --- [           main] s.w.s.m.m.a.RequestMappingHandlerMapping : Multiple @RequestMapping annotations found on public org.springframework.http.ResponseEntity cz.cvut.fel.ear.stepavi2_havriboh.main.rest.TransactionController.updateTransaction(int,java.util.Map), but only the first will be used: [@org.springframework.web.bind.annotation.PutMapping(consumes={}, headers={}, name="", params={}, path={"/{id}"}, produces={}, value={"/{id}"}), @org.springframework.web.bind.annotation.PostMapping(consumes={}, headers={}, name="", params={}, path={}, produces={}, value={})]
2025-01-03T13:47:30.633+01:00  INFO 7900 --- [           main] r$InitializeUserDetailsManagerConfigurer : Global AuthenticationManager configured with UserDetailsService bean with name userDetailsService
2025-01-03T13:47:30.955+01:00  INFO 7900 --- [           main] o.s.b.a.e.web.EndpointLinksResolver      : Exposing 1 endpoint beneath base path '/actuator'
2025-01-03T13:47:31.349+01:00  INFO 7900 --- [           main] c.c.f.e.s.service.AccountServiceTest     : Started AccountServiceTest in 8.888 seconds (process running for 13.749)
Hibernate: insert into users (email,password,role,subscription_end_date,subscription_start_date,username,id) values (?,?,?,?,?,?,default)
Hibernate: insert into accounts (creator_id,account_name,id) values (?,?,default)
]]></system-out>
  </testcase>
  <testcase name="getAllAccountsReturnsAllAccounts" classname="cz.cvut.fel.ear.stepavi2_havriboh.service.AccountServiceTest" time="0.032">
    <system-out><![CDATA[Hibernate: insert into users (email,password,role,subscription_end_date,subscription_start_date,username,id) values (?,?,?,?,?,?,default)
Hibernate: insert into accounts (creator_id,account_name,id) values (?,?,default)
Hibernate: insert into users (email,password,role,subscription_end_date,subscription_start_date,username,id) values (?,?,?,?,?,?,default)
Hibernate: insert into accounts (creator_id,account_name,id) values (?,?,default)
Hibernate: select a1_0.id,a1_0.creator_id,a1_0.account_name from accounts a1_0
]]></system-out>
  </testcase>
  <testcase name="getAccountByIdThrowsExceptionIfAccountNotFound" classname="cz.cvut.fel.ear.stepavi2_havriboh.service.AccountServiceTest" time="0.022">
    <system-out><![CDATA[Hibernate: insert into users (email,password,role,subscription_end_date,subscription_start_date,username,id) values (?,?,?,?,?,?,default)
Hibernate: insert into accounts (creator_id,account_name,id) values (?,?,default)
Hibernate: select a1_0.id,b1_0.id,b1_0.balance,b1_0.currency,a1_0.creator_id,a1_0.account_name from accounts a1_0 left join budgets b1_0 on a1_0.id=b1_0.account_id where a1_0.id=?
]]></system-out>
  </testcase>
  <testcase name="getAccountByIdReturnsCorrectAccount" classname="cz.cvut.fel.ear.stepavi2_havriboh.service.AccountServiceTest" time="0.016">
    <system-out><![CDATA[Hibernate: insert into users (email,password,role,subscription_end_date,subscription_start_date,username,id) values (?,?,?,?,?,?,default)
Hibernate: insert into accounts (creator_id,account_name,id) values (?,?,default)
]]></system-out>
  </testcase>
  <testcase name="addUserToAccountByIdThrowsExceptionIfUserNotFound" classname="cz.cvut.fel.ear.stepavi2_havriboh.service.AccountServiceTest" time="0.011">
    <system-out><![CDATA[Hibernate: insert into users (email,password,role,subscription_end_date,subscription_start_date,username,id) values (?,?,?,?,?,?,default)
Hibernate: insert into accounts (creator_id,account_name,id) values (?,?,default)
Hibernate: select u1_0.id,u1_0.email,u1_0.password,u1_0.role,u1_0.subscription_end_date,u1_0.subscription_start_date,u1_0.username from users u1_0 where u1_0.id=?
]]></system-out>
  </testcase>
  <testcase name="removeUserFromAccountByIdThrowsExceptionIfUserNotFound" classname="cz.cvut.fel.ear.stepavi2_havriboh.service.AccountServiceTest" time="0.012">
    <system-out><![CDATA[Hibernate: insert into users (email,password,role,subscription_end_date,subscription_start_date,username,id) values (?,?,?,?,?,?,default)
Hibernate: insert into accounts (creator_id,account_name,id) values (?,?,default)
Hibernate: select u1_0.id,u1_0.email,u1_0.password,u1_0.role,u1_0.subscription_end_date,u1_0.subscription_start_date,u1_0.username from users u1_0 where u1_0.id=?
]]></system-out>
  </testcase>
  <testcase name="addUserToAccountByIdThrowsExceptionIfAccountNotFound" classname="cz.cvut.fel.ear.stepavi2_havriboh.service.AccountServiceTest" time="0.013">
    <system-out><![CDATA[Hibernate: insert into users (email,password,role,subscription_end_date,subscription_start_date,username,id) values (?,?,?,?,?,?,default)
Hibernate: insert into accounts (creator_id,account_name,id) values (?,?,default)
Hibernate: select a1_0.id,b1_0.id,b1_0.balance,b1_0.currency,a1_0.creator_id,a1_0.account_name from accounts a1_0 left join budgets b1_0 on a1_0.id=b1_0.account_id where a1_0.id=?
]]></system-out>
  </testcase>
  <testcase name="deleteAccountByIdThrowsExceptionIfAccountNotFound" classname="cz.cvut.fel.ear.stepavi2_havriboh.service.AccountServiceTest" time="0.012">
    <system-out><![CDATA[Hibernate: insert into users (email,password,role,subscription_end_date,subscription_start_date,username,id) values (?,?,?,?,?,?,default)
Hibernate: insert into accounts (creator_id,account_name,id) values (?,?,default)
Hibernate: select a1_0.id,b1_0.id,b1_0.balance,b1_0.currency,a1_0.creator_id,a1_0.account_name from accounts a1_0 left join budgets b1_0 on a1_0.id=b1_0.account_id where a1_0.id=?
]]></system-out>
  </testcase>
  <testcase name="createAccountThrowsExceptionIfNameIsEmpty" classname="cz.cvut.fel.ear.stepavi2_havriboh.service.AccountServiceTest" time="0.015">
    <system-out><![CDATA[Hibernate: insert into users (email,password,role,subscription_end_date,subscription_start_date,username,id) values (?,?,?,?,?,?,default)
Hibernate: insert into accounts (creator_id,account_name,id) values (?,?,default)
]]></system-out>
  </testcase>
  <testcase name="removeUserFromAccountByIdThrowsExceptionIfLastUser" classname="cz.cvut.fel.ear.stepavi2_havriboh.service.AccountServiceTest" time="0.018">
    <system-out><![CDATA[Hibernate: insert into users (email,password,role,subscription_end_date,subscription_start_date,username,id) values (?,?,?,?,?,?,default)
Hibernate: insert into accounts (creator_id,account_name,id) values (?,?,default)
]]></system-out>
  </testcase>
  <testcase name="removeUserFromAccountByIdThrowsExceptionIfAccountNotFound" classname="cz.cvut.fel.ear.stepavi2_havriboh.service.AccountServiceTest" time="0.016">
    <system-out><![CDATA[Hibernate: insert into users (email,password,role,subscription_end_date,subscription_start_date,username,id) values (?,?,?,?,?,?,default)
Hibernate: insert into accounts (creator_id,account_name,id) values (?,?,default)
Hibernate: select a1_0.id,b1_0.id,b1_0.balance,b1_0.currency,a1_0.creator_id,a1_0.account_name from accounts a1_0 left join budgets b1_0 on a1_0.id=b1_0.account_id where a1_0.id=?
]]></system-out>
  </testcase>
  <testcase name="addUserToAccountByIdAddsUserIfNotAlreadyAdded" classname="cz.cvut.fel.ear.stepavi2_havriboh.service.AccountServiceTest" time="0.012">
    <system-out><![CDATA[Hibernate: insert into users (email,password,role,subscription_end_date,subscription_start_date,username,id) values (?,?,?,?,?,?,default)
Hibernate: insert into accounts (creator_id,account_name,id) values (?,?,default)
]]></system-out>
  </testcase>
  <testcase name="removeUserFromAccountByIdRemovesUserFromAccount" classname="cz.cvut.fel.ear.stepavi2_havriboh.service.AccountServiceTest" time="0.022">
    <system-out><![CDATA[Hibernate: insert into users (email,password,role,subscription_end_date,subscription_start_date,username,id) values (?,?,?,?,?,?,default)
Hibernate: insert into accounts (creator_id,account_name,id) values (?,?,default)
Hibernate: insert into users (email,password,role,subscription_end_date,subscription_start_date,username,id) values (?,?,?,?,?,?,default)
]]></system-out>
  </testcase>
  <testcase name="deleteAccountByIdDeletesAccount" classname="cz.cvut.fel.ear.stepavi2_havriboh.service.AccountServiceTest" time="0.024">
    <system-out><![CDATA[Hibernate: insert into users (email,password,role,subscription_end_date,subscription_start_date,username,id) values (?,?,?,?,?,?,default)
Hibernate: insert into accounts (creator_id,account_name,id) values (?,?,default)
Hibernate: insert into users (email,password,role,subscription_end_date,subscription_start_date,username,id) values (?,?,?,?,?,?,default)
Hibernate: insert into accounts (creator_id,account_name,id) values (?,?,default)
]]></system-out>
  </testcase>
</testsuite>